2022_08_25_16_52_06	3	202208	25165206	139	121	111
2022_08_25_16_52_06	2	202208	25165206	166	202	184
2022_08_25_16_52_06	1	202208	25165206	243	242	243
2022_08_25_16_52_06	0	202208	25165206	168	155	124
2022_08_25_16_52_06	3	202208	25165201	139	121	111
2022_08_25_16_52_06	2	202208	25165201	166	202	184
2022_08_25_16_52_06	1	202208	25165201	243	242	243
2022_08_25_16_52_06	0	202208	25165201	168	155	124
2022_08_25_16_52_06	3	202208	25165156	139	121	111
2022_08_25_16_52_06	2	202208	25165156	166	202	184
2022_08_25_16_52_06	1	202208	25165156	243	242	243
2022_08_25_16_52_06	0	202208	25165156	168	155	124
2022_08_25_16_52_06	3	202208	25165151	139	121	111
2022_08_25_16_52_06	2	202208	25165151	166	202	184
2022_08_25_16_52_06	1	202208	25165151	243	242	243
2022_08_25_16_52_06	0	202208	25165151	168	155	124
2022_08_25_16_52_06	3	202208	25165146	139	121	111
2022_08_25_16_52_06	2	202208	25165146	166	202	184
2022_08_25_16_52_06	1	202208	25165146	243	242	243
2022_08_25_16_52_06	0	202208	25165146	168	155	124
2022_08_25_16_52_06	3	202208	25165141	139	121	111
2022_08_25_16_52_06	2	202208	25165141	166	202	184
2022_08_25_16_52_06	1	202208	25165141	243	242	243
2022_08_25_16_52_06	0	202208	25165141	168	155	124
2022_08_25_16_52_06	3	202208	25165136	139	121	111
2022_08_25_16_52_06	2	202208	25165136	166	202	184
2022_08_25_16_52_06	1	202208	25165136	243	242	243
2022_08_25_16_52_06	0	202208	25165136	168	155	124
2022_08_25_16_52_06	3	202208	25165131	139	121	111
2022_08_25_16_52_06	2	202208	25165131	166	202	184
2022_08_25_16_52_06	1	202208	25165131	243	242	243
2022_08_25_16_52_06	0	202208	25165131	168	155	124
2022_08_25_16_52_06	3	202208	25165126	139	121	111
2022_08_25_16_52_06	2	202208	25165126	166	202	184
2022_08_25_16_52_06	1	202208	25165126	243	242	243
2022_08_25_16_52_06	0	202208	25165126	168	155	124
2022_08_25_16_52_06	3	202208	25165121	139	121	111
2022_08_25_16_52_06	2	202208	25165121	166	202	184
2022_08_25_16_52_06	1	202208	25165121	243	242	243
2022_08_25_16_52_06	0	202208	25165121	168	155	124
