2022_08_25_16_39_19	3	202208	25163919	186	147	131
2022_08_25_16_39_19	2	202208	25163919	243	243	243
2022_08_25_16_39_19	1	202208	25163919	247	233	244
2022_08_25_16_39_19	0	202208	25163919	132	124	121
2022_08_25_16_39_19	3	202208	25163914	186	147	131
2022_08_25_16_39_19	2	202208	25163914	243	243	243
2022_08_25_16_39_19	1	202208	25163914	247	233	244
2022_08_25_16_39_19	0	202208	25163914	132	124	121
2022_08_25_16_39_19	3	202208	25163909	186	147	131
2022_08_25_16_39_19	2	202208	25163909	243	243	243
2022_08_25_16_39_19	1	202208	25163909	247	233	244
2022_08_25_16_39_19	0	202208	25163909	132	124	121
2022_08_25_16_39_19	3	202208	25163904	186	147	131
2022_08_25_16_39_19	2	202208	25163904	243	243	243
2022_08_25_16_39_19	1	202208	25163904	247	233	244
2022_08_25_16_39_19	0	202208	25163904	132	124	121
2022_08_25_16_39_19	3	202208	25163859	186	147	131
2022_08_25_16_39_19	2	202208	25163859	243	243	243
2022_08_25_16_39_19	1	202208	25163859	247	233	244
2022_08_25_16_39_19	0	202208	25163859	132	124	121
2022_08_25_16_39_19	3	202208	25163854	186	147	131
2022_08_25_16_39_19	2	202208	25163854	243	243	243
2022_08_25_16_39_19	1	202208	25163854	247	233	244
2022_08_25_16_39_19	0	202208	25163854	132	124	121
2022_08_25_16_39_19	3	202208	25163849	186	147	131
2022_08_25_16_39_19	2	202208	25163849	243	243	243
2022_08_25_16_39_19	1	202208	25163849	247	233	244
2022_08_25_16_39_19	0	202208	25163849	132	124	121
2022_08_25_16_39_19	3	202208	25163844	186	147	131
2022_08_25_16_39_19	2	202208	25163844	243	243	243
2022_08_25_16_39_19	1	202208	25163844	247	233	244
2022_08_25_16_39_19	0	202208	25163844	132	124	121
2022_08_25_16_39_19	3	202208	25163839	186	147	131
2022_08_25_16_39_19	2	202208	25163839	243	243	243
2022_08_25_16_39_19	1	202208	25163839	247	233	244
2022_08_25_16_39_19	0	202208	25163839	132	124	121
2022_08_25_16_39_19	3	202208	25163834	186	147	131
2022_08_25_16_39_19	2	202208	25163834	243	243	243
2022_08_25_16_39_19	1	202208	25163834	247	233	244
2022_08_25_16_39_19	0	202208	25163834	132	124	121
2022_08_25_16_39_19	3	202208	25163829	186	147	131
2022_08_25_16_39_19	2	202208	25163829	243	243	243
2022_08_25_16_39_19	1	202208	25163829	247	233	244
2022_08_25_16_39_19	0	202208	25163829	132	124	121
2022_08_25_16_39_19	3	202208	25163824	186	147	131
2022_08_25_16_39_19	2	202208	25163824	243	243	243
2022_08_25_16_39_19	1	202208	25163824	247	233	244
2022_08_25_16_39_19	0	202208	25163824	132	124	121
2022_08_25_16_39_19	3	202208	25163819	186	147	131
2022_08_25_16_39_19	2	202208	25163819	243	243	243
